Questionable use of curly braces in ".model nmos nmos ( level =54 binunit =1 paramchk=1 mobmod =0 capmod =2 igcmod =1 igbmod =1 geomod =1 diomod =1 rdsmod =0 rbodymod=1 rgatemod=1 permod =1 tnom =27 epsrox =3.9 ll =0 lw =0 lwl =0 vth0 =0.22 k3b =0 dvt2 =-0.032 dsub =2 dvtp1 =0.05 ngate =5e+020 cdsc =0.0002 voff =-0.15 vfb =-0.55 uc =-3e-011 a1 =0 keta =0.04 pdiblc1 =0.028 pvag =1e-020 fprout =0.2 rsh =3 rdswmin =0 prwb =6.8e-011 beta0 =30 egidl =0.8 aigbacc =0.012 nigbacc =1 eigbinv=1.1 cigc =0.002 nigc =1 xrcrg1 =12 cgso =6.238e-010 cgsl =2.495e-10 moin =15 kt1 =-0.21 ua1 =1e-009 at =53000 fnoimod =1 jss =0.0001 ijthsfwd=0.01 jsd =0.0001 ijthdfwd=0.01 pbs =1 cjsws =5e-010 mjswgs =0.33 pbswd =1 cjswgd =5e-010 tpbsw =0.005 xtis =3 acnqsmod=0 toxe =1.4e-009 wint =5e-009 wl =0 ww =0 wwl =0 k1 =0.35 w0 =2.5e-006 dvt0w =0 minv =0.05 ipe0 =5.75e-008 ndep =2.8e+018 cdscb =0 nfactor =1.2 u0 =0.032 vsat =1.1e+005 a2 =1 dwg =0 pdiblc2 =0.022 delta =0.01 pdits =0.2 rdsw =150 rdwmin =0 wr =1 agidl =0.0002 bigbacc =0.0028 aigbinv =0.014 nigbinv =3 aigsd =0.017 poxedge =1 xrcrg2 =5 trnqsmod=0 toxp =7e-010 lint =1.2e-008 lln =1 iwn =1 xpart =0 k2 =0.05 dvto =2.8 dvtlw =0 voffl =0 ipeb =2.3e-010 nsd =1e+020 cdscd =0 etao =0.15 ua =1.6e-010 ao =2 bo =-1e-020 dwb =0 pdiblcb =-0.005 pscbel =8.14e+8 pditsd =0.23 rsw =150 rswmin =0 alphao =0.074 bgidl =2.1e+009 cigbacc =0.002 bigbinv =0.004 aigc =0.017 bigsd =0.0028 pigcd =1 cgdo =6.238e-010 cgbo =2.56e-011 ckappas =0.02 noff =0.9 ktll =0.0 ub1 =-3.5e-019 tnoimod =0 jsws =1e-011 ijthsrev=0.001 jswd =1e-011 ijthdrev=0.001 cjs =0.0005 mjsws =0.33 pbd =1 cjswd =5e-010 mjswgd =0.33 tcjsw =0.001 xtid =3 ckappad =0.02 voffcv =0.02 kt2 =-0.042 uc1 =0 jswgs =1e-010 bvs =10 jswgd =1e-010 bvd =10 mjs =0.5 pbswgs =1 cjd =0.0005 mjswd =0.33 tpb =0.005 tpbswg =0.005 toxm =1.4e-009 win =1 wwn =1 toxref =1.4e-009 k3 =0 dvtl =0.52 dvt2w =0 dvtpo =1e-007 xj =2e-008 phin =0 cit =0 etab =0 ub =1.1e-017 ags =1e-020 b1 =0 pclm =0.18 drout =0.45 pscbe2 =1e-007 pditsl =2.3e+006 rdw =150 prwg =0 alphal =0.005 cgidl =0.0002 cigbinv =0.004 bigc =0.0028 cigsd =0.002 ntox =1 cgdl =2.495e-10 acde =1 ute =-1.5 prt =0 njs =1 xjbvs =1 njd =1 xjbvd =1 pbsws =1 cjswgs =3e-010 mjd =0.5 pbswgd =1 tcj =0.001 tcjswg =0.001 dmcg =0e-006 dmci =0e-006 dmdg =0e-006 dmcgt =0e-007 dwj =0.0e-008 rshg =0.4 rbps =15 xgw ={oe-007} gbmin =1e-010 rbdb =15 xgl ={oe-008} rbpb =5 rbsb =15 rbpd =15 ngcon =1 )"
    Error: undefined symbol in: "[oe]-007"
Questionable use of curly braces in ".model nmos nmos ( level =54 binunit =1 paramchk=1 mobmod =0 capmod =2 igcmod =1 igbmod =1 geomod =1 diomod =1 rdsmod =0 rbodymod=1 rgatemod=1 permod =1 tnom =27 epsrox =3.9 ll =0 lw =0 lwl =0 vth0 =0.22 k3b =0 dvt2 =-0.032 dsub =2 dvtp1 =0.05 ngate =5e+020 cdsc =0.0002 voff =-0.15 vfb =-0.55 uc =-3e-011 a1 =0 keta =0.04 pdiblc1 =0.028 pvag =1e-020 fprout =0.2 rsh =3 rdswmin =0 prwb =6.8e-011 beta0 =30 egidl =0.8 aigbacc =0.012 nigbacc =1 eigbinv=1.1 cigc =0.002 nigc =1 xrcrg1 =12 cgso =6.238e-010 cgsl =2.495e-10 moin =15 kt1 =-0.21 ua1 =1e-009 at =53000 fnoimod =1 jss =0.0001 ijthsfwd=0.01 jsd =0.0001 ijthdfwd=0.01 pbs =1 cjsws =5e-010 mjswgs =0.33 pbswd =1 cjswgd =5e-010 tpbsw =0.005 xtis =3 acnqsmod=0 toxe =1.4e-009 wint =5e-009 wl =0 ww =0 wwl =0 k1 =0.35 w0 =2.5e-006 dvt0w =0 minv =0.05 ipe0 =5.75e-008 ndep =2.8e+018 cdscb =0 nfactor =1.2 u0 =0.032 vsat =1.1e+005 a2 =1 dwg =0 pdiblc2 =0.022 delta =0.01 pdits =0.2 rdsw =150 rdwmin =0 wr =1 agidl =0.0002 bigbacc =0.0028 aigbinv =0.014 nigbinv =3 aigsd =0.017 poxedge =1 xrcrg2 =5 trnqsmod=0 toxp =7e-010 lint =1.2e-008 lln =1 iwn =1 xpart =0 k2 =0.05 dvto =2.8 dvtlw =0 voffl =0 ipeb =2.3e-010 nsd =1e+020 cdscd =0 etao =0.15 ua =1.6e-010 ao =2 bo =-1e-020 dwb =0 pdiblcb =-0.005 pscbel =8.14e+8 pditsd =0.23 rsw =150 rswmin =0 alphao =0.074 bgidl =2.1e+009 cigbacc =0.002 bigbinv =0.004 aigc =0.017 bigsd =0.0028 pigcd =1 cgdo =6.238e-010 cgbo =2.56e-011 ckappas =0.02 noff =0.9 ktll =0.0 ub1 =-3.5e-019 tnoimod =0 jsws =1e-011 ijthsrev=0.001 jswd =1e-011 ijthdrev=0.001 cjs =0.0005 mjsws =0.33 pbd =1 cjswd =5e-010 mjswgd =0.33 tcjsw =0.001 xtid =3 ckappad =0.02 voffcv =0.02 kt2 =-0.042 uc1 =0 jswgs =1e-010 bvs =10 jswgd =1e-010 bvd =10 mjs =0.5 pbswgs =1 cjd =0.0005 mjswd =0.33 tpb =0.005 tpbswg =0.005 toxm =1.4e-009 win =1 wwn =1 toxref =1.4e-009 k3 =0 dvtl =0.52 dvt2w =0 dvtpo =1e-007 xj =2e-008 phin =0 cit =0 etab =0 ub =1.1e-017 ags =1e-020 b1 =0 pclm =0.18 drout =0.45 pscbe2 =1e-007 pditsl =2.3e+006 rdw =150 prwg =0 alphal =0.005 cgidl =0.0002 cigbinv =0.004 bigc =0.0028 cigsd =0.002 ntox =1 cgdl =2.495e-10 acde =1 ute =-1.5 prt =0 njs =1 xjbvs =1 njd =1 xjbvd =1 pbsws =1 cjswgs =3e-010 mjd =0.5 pbswgd =1 tcj =0.001 tcjswg =0.001 dmcg =0e-006 dmci =0e-006 dmdg =0e-006 dmcgt =0e-007 dwj =0.0e-008 rshg =0.4 rbps =15 xgw =(oe-007) gbmin =1e-010 rbdb =15 xgl ={oe-008} rbpb =5 rbsb =15 rbpd =15 ngcon =1 )"
    Error: undefined symbol in: "[oe]-008"
Circuit: *** SPICE deck for cell Fig-20-22-sch-SIM{sch} from library Fig-20-22-Sim

Error on line 203 : .model pmos pmos ( level = 54 binunit = 1 capmod = 2 diomod = 1 permod = 1 tnom = 27 epsrox = 3.9 ll =0 lw =0 lwl = 0 vth0 = -0.22 k3b = 0 dvt2 = -0.032 dsub = 0.7 dvtp1 = 0.05 ngate =5e+020 cdsc = 0.000258 voff =-0.15 vfb = 0.55 uc =4.6e-013 a1 =0 keta = -0.047 pdiblc1 = 0.03 pvag = 1e-020 fprout =0.2 rsh = 3 rdswmin = 0 prwb = 6.8e-011 beta0 =30 egidl = 0.8 aigbacc = 0.012 nigbacc = 1 eigbinv= 1.1 cigc = 0.0008 nigc = 1 xrcrg1 = 12 cgso = 7.43e-010 cgsl =1e-014 moin =15 kt1 =-0.19 ua1 =-1e-009 at = 33000 paramchk= 1 igcmod = 1 rdsmod = 0 acnqsmod= 0 toxe = 1.4e-009 wint = 5e-009 wl =0 ww =0 wwl = 0 k1 = 0.39 w0 = 2.5e-006 dvt0w =0 minv = 0.05 ipe0 = 5.75e-008 ndep =2.8e+018 cdscb = 0 nfactor = 2 u0 = 0.0095 vsat = 90000 a2 =1 dwg =0 pdiblc2 = 0.0055 delta =0.014 pdits =0.2 rdsw = 250 rdwmin = 0 wr =1 agidl =0.0002 bigbacc = 0.0028 aigbinv = 0.014 nigbinv = 3 aigsd =0.0087 poxedge =1 xrcrg2 = 5 cgdo =7.43e-010 ckappas = 0.5 noff = 0.9 ktll =0 ub1 =2e-018 mobmod = 0 igbmod = 1 rbodymod= 1 tmqsmod= 0 toxp =7e-010 lint = 1.2e-008 lln =1 iwn = 1 xpart =0 k2 = 0.05 dvto = 3.9 dvtlw =0 voffl =0 ipeb =2.3e-010 nsd =1e+020 cdscd =6.1e-008 etao =0.15 ua = 1.6e-009 ao =1.2 bo =-1e-020 dwb =0 pdiblcb = 3.4e-008 pscbel =8.14e+08 pditsd =0.23 rsw = 160 rswmin = 0 alphao =0.074 bgidl =2.1e+009 cigbacc = 0.002 bigbinv = 0.004 aigc = 0.69 bigsd =0.0012 pigcd = 1 cgbo =2.56e-011 ckappad = 0.5 voffcv =0.02 kt2 = -0.052 uc1 =0 geomod = 1 rgatemod= 1 toxm = 1.4e-009 win = 1 wwn = 1 toxref = 1.4e-009 k3 =0 dvtl = 0.635 dvt2w =0 dvtpo =0.5e-008 xj = 2e-008 phin = 0 cit =0 etab = 0 ub = 8e-018 ags =1e-020 b1 =0 pclm = 0.55 drout =0.56 pscbe2 =9.58e-07 pditsl =2.3e+006 rdw = 160 prwg = 3.22e-008 alphal =0.005 cgidl =0.0002 cigbinv = 0.004 bigc =0.0012 cigsd =0.0008 ntox = 1 cgdl = 1e-014 acde = 1 ute = -1.5 prt =0 fnoimod = 1 tnoimod = 0 jss =0.0001 jsws =1e-011 jswgs = 1e-010 njs =1 ijthsfwd= 0.01 jsd = 0.0001 ijthdfwd= 0.01 pbs =1 cjsws =5e-010 mjswgs =0.33 pbswd = 1 cjswgd = 5e-010 tpbsw =0.005 xtis = 3 dmcg = 5e-006 dwj = 4.5e-008 rshg = 0.4 rbps = 15 ijthsrev= 0.001 jswd =1e-011 ijthdrev= 0.001 cjs = 0.0005 mjsws = 0.33 pbd =1 cjswd =5e-010 mjswgd = 0.33 tcjsw =0.001 xtid = 3 dmci = 5e-006 xgw = 3e-007 gbmin = 1e-010 rbdb = 15 bvs =10 jswgd = 1e-010 bvd =10 mjs = 0.5 pbswgs = 1 cjd = 0.0005 mjswd =0.33 tpb = 0.005 tpbswg =0.005 dmdg = 5e-006 xgl = 4e-008 rbpb = 5 rbsb =15 xjbvs = 1 njd =1 xjbvd = 1 pbsws = 1 cjswgs = 3e-010 mjd = 0.5 pbswgd = 1 tcj = 0.001 tcjswg =0.001 dmcgt =6e-007 rbpd = 15 ngcon =1 )
	* Unrecognized parameter "ipe0" -- ignored
	* Unrecognized parameter "ktll" -- ignored
	* Unrecognized parameter "tmqsmod" -- ignored
	* Unrecognized parameter "iwn" -- ignored
	* Unrecognized parameter "dvto" -- ignored
	* Unrecognized parameter "dvtlw" -- ignored
	* Unrecognized parameter "ipeb" -- ignored
	* Unrecognized parameter "etao" -- ignored
	* Unrecognized parameter "ao" -- ignored
	* Unrecognized parameter "bo" -- ignored
	* Unrecognized parameter "pscbel" -- ignored
	* Unrecognized parameter "alphao" -- ignored
	* Unrecognized parameter "win" -- ignored
	* Unrecognized parameter "dvtl" -- ignored
	* Unrecognized parameter "dvtpo" -- ignored
	* Unrecognized parameter "alphal" -- ignored
Error on line 32 : .model nmos nmos ( level =54 binunit =1 paramchk=1 mobmod =0 capmod =2 igcmod =1 igbmod =1 geomod =1 diomod =1 rdsmod =0 rbodymod=1 rgatemod=1 permod =1 tnom =27 epsrox =3.9 ll =0 lw =0 lwl =0 vth0 =0.22 k3b =0 dvt2 =-0.032 dsub =2 dvtp1 =0.05 ngate =5e+020 cdsc =0.0002 voff =-0.15 vfb =-0.55 uc =-3e-011 a1 =0 keta =0.04 pdiblc1 =0.028 pvag =1e-020 fprout =0.2 rsh =3 rdswmin =0 prwb =6.8e-011 beta0 =30 egidl =0.8 aigbacc =0.012 nigbacc =1 eigbinv=1.1 cigc =0.002 nigc =1 xrcrg1 =12 cgso =6.238e-010 cgsl =2.495e-10 moin =15 kt1 =-0.21 ua1 =1e-009 at =53000 fnoimod =1 jss =0.0001 ijthsfwd=0.01 jsd =0.0001 ijthdfwd=0.01 pbs =1 cjsws =5e-010 mjswgs =0.33 pbswd =1 cjswgd =5e-010 tpbsw =0.005 xtis =3 acnqsmod=0 toxe =1.4e-009 wint =5e-009 wl =0 ww =0 wwl =0 k1 =0.35 w0 =2.5e-006 dvt0w =0 minv =0.05 ipe0 =5.75e-008 ndep =2.8e+018 cdscb =0 nfactor =1.2 u0 =0.032 vsat =1.1e+005 a2 =1 dwg =0 pdiblc2 =0.022 delta =0.01 pdits =0.2 rdsw =150 rdwmin =0 wr =1 agidl =0.0002 bigbacc =0.0028 aigbinv =0.014 nigbinv =3 aigsd =0.017 poxedge =1 xrcrg2 =5 trnqsmod=0 toxp =7e-010 lint =1.2e-008 lln =1 iwn =1 xpart =0 k2 =0.05 dvto =2.8 dvtlw =0 voffl =0 ipeb =2.3e-010 nsd =1e+020 cdscd =0 etao =0.15 ua =1.6e-010 ao =2 bo =-1e-020 dwb =0 pdiblcb =-0.005 pscbel =8.14e+8 pditsd =0.23 rsw =150 rswmin =0 alphao =0.074 bgidl =2.1e+009 cigbacc =0.002 bigbinv =0.004 aigc =0.017 bigsd =0.0028 pigcd =1 cgdo =6.238e-010 cgbo =2.56e-011 ckappas =0.02 noff =0.9 ktll =0.0 ub1 =-3.5e-019 tnoimod =0 jsws =1e-011 ijthsrev=0.001 jswd =1e-011 ijthdrev=0.001 cjs =0.0005 mjsws =0.33 pbd =1 cjswd =5e-010 mjswgd =0.33 tcjsw =0.001 xtid =3 ckappad =0.02 voffcv =0.02 kt2 =-0.042 uc1 =0 jswgs =1e-010 bvs =10 jswgd =1e-010 bvd =10 mjs =0.5 pbswgs =1 cjd =0.0005 mjswd =0.33 tpb =0.005 tpbswg =0.005 toxm =1.4e-009 win =1 wwn =1 toxref =1.4e-009 k3 =0 dvtl =0.52 dvt2w =0 dvtpo =1e-007 xj =2e-008 phin =0 cit =0 etab =0 ub =1.1e-017 ags =1e-020 b1 =0 pclm =0.18 drout =0.45 pscbe2 =1e-007 pditsl =2.3e+006 rdw =150 prwg =0 alphal =0.005 cgidl =0.0002 cigbinv =0.004 bigc =0.0028 cigsd =0.002 ntox =1 cgdl =2.495e-10 acde =1 ute =-1.5 prt =0 njs =1 xjbvs =1 njd =1 xjbvd =1 pbsws =1 cjswgs =3e-010 mjd =0.5 pbswgd =1 tcj =0.001 tcjswg =0.001 dmcg =0e-006 dmci =0e-006 dmdg =0e-006 dmcgt =0e-007 dwj =0.0e-008 rshg =0.4 rbps =15 xgw =(oe-007) gbmin =1e-010 rbdb =15 xgl =(oe-008) rbpb =5 rbsb =15 rbpd =15 ngcon =1 )
	* Unrecognized parameter "ipe0" -- ignored
	* Unrecognized parameter "iwn" -- ignored
	* Unrecognized parameter "dvto" -- ignored
	* Unrecognized parameter "dvtlw" -- ignored
	* Unrecognized parameter "ipeb" -- ignored
	* Unrecognized parameter "etao" -- ignored
	* Unrecognized parameter "ao" -- ignored
	* Unrecognized parameter "bo" -- ignored
	* Unrecognized parameter "pscbel" -- ignored
	* Unrecognized parameter "alphao" -- ignored
	* Unrecognized parameter "ktll" -- ignored
	* Unrecognized parameter "win" -- ignored
	* Unrecognized parameter "dvtl" -- ignored
	* Unrecognized parameter "dvtpo" -- ignored
	* Unrecognized parameter "alphal" -- ignored
	* Unrecognized parameter "oe-007" -- ignored
	* Unrecognized parameter "oe-008" -- ignored
WARNING: Less than two connections to node VDDIN.  This node is used by VDD.
.OP point found by inspection.

Date: Thu Oct 06 10:59:16 2016
Total elapsed time: 0.375 seconds.

tnom = 27
temp = 27
method = trap
totiter = 6000
traniter = 0
tranpoints = 0
accept = 0
rejected = 0
matrix size = 53
fillins = 0
solver = Normal
Matrix Compiler1: 8.87 KB object code size  7.0/3.5/[1.5]
Matrix Compiler2: 5.94 KB object code size  1.7/1.6/[0.7]


